<?xml version="1.0" encoding="UTF-8"?>
<testsuite name="com.formacion.ejercicio1.Ejercicio1ApplicationTests" tests="1" skipped="0" failures="0" errors="0" timestamp="2023-08-09T07:51:42" hostname="GSPNXTTx226399M" time="0.533">
  <properties/>
  <testcase name="given a debtor creditor and amountwhen I post it to my apithen the ibans are validated and the response is ok" classname="com.formacion.ejercicio1.Ejercicio1ApplicationTests" time="0.533"/>
  <system-out><![CDATA[09:51:37.687 [Test worker] INFO org.springframework.test.context.support.AnnotationConfigContextLoaderUtils -- Could not detect default configuration classes for test class [com.formacion.ejercicio1.Ejercicio1ApplicationTests]: Ejercicio1ApplicationTests does not declare any static, non-private, non-final, nested classes annotated with @Configuration.
09:51:37.795 [Test worker] INFO org.springframework.boot.test.context.SpringBootTestContextBootstrapper -- Found @SpringBootConfiguration com.formacion.ejercicio1.Ejercicio1Application for test class com.formacion.ejercicio1.Ejercicio1ApplicationTests

  .   ____          _            __ _ _
 /\\ / ___'_ __ _ _(_)_ __  __ _ \ \ \ \
( ( )\___ | '_ | '_| | '_ \/ _` | \ \ \ \
 \\/  ___)| |_)| | | | | || (_| |  ) ) ) )
  '  |____| .__|_| |_|_| |_\__, | / / / /
 =========|_|==============|___/=/_/_/_/
 :: Spring Boot ::                (v3.1.1)

2023-08-09T09:51:38.223+02:00  INFO 45377 --- [    Test worker] c.f.e.Ejercicio1ApplicationTests         : Starting Ejercicio1ApplicationTests using Java 17.0.7 with PID 45377 (started by x226399 in /Users/x226399/Downloads/payments/ejercicio1)
2023-08-09T09:51:38.225+02:00  INFO 45377 --- [    Test worker] c.f.e.Ejercicio1ApplicationTests         : No active profile set, falling back to 1 default profile: "default"
2023-08-09T09:51:38.940+02:00 DEBUG 45377 --- [    Test worker] o.s.c.openfeign.FeignClientsRegistrar$1  : Identified candidate component class: file [/Users/x226399/Downloads/payments/ejercicio1/build/classes/java/main/com/formacion/ejercicio1/service/ITransmitter.class]
2023-08-09T09:51:39.129+02:00  INFO 45377 --- [    Test worker] .s.d.r.c.RepositoryConfigurationDelegate : Bootstrapping Spring Data JPA repositories in DEFAULT mode.
2023-08-09T09:51:39.284+02:00  INFO 45377 --- [    Test worker] .s.d.r.c.RepositoryConfigurationDelegate : Finished Spring Data repository scanning in 146 ms. Found 1 JPA repository interfaces.
2023-08-09T09:51:39.488+02:00  INFO 45377 --- [    Test worker] o.s.cloud.context.scope.GenericScope     : BeanFactory id=053e1744-d3f1-3683-b1b4-cab443fe639b
2023-08-09T09:51:39.563+02:00 DEBUG 45377 --- [    Test worker] o.s.c.openfeign.FeignClientFactoryBean   : Creating a FeignClientFactoryBean.
2023-08-09T09:51:39.569+02:00  INFO 45377 --- [    Test worker] trationDelegate$BeanPostProcessorChecker : Bean 'com.formacion.ejercicio1.service.ITransmitter' of type [org.springframework.cloud.openfeign.FeignClientFactoryBean] is not eligible for getting processed by all BeanPostProcessors (for example: not eligible for auto-proxying)
2023-08-09T09:51:39.731+02:00  INFO 45377 --- [    Test worker] com.zaxxer.hikari.HikariDataSource       : HikariPool-1 - Starting...
2023-08-09T09:51:39.995+02:00  INFO 45377 --- [    Test worker] com.zaxxer.hikari.pool.HikariPool        : HikariPool-1 - Added connection com.mysql.cj.jdbc.ConnectionImpl@41938e1e
2023-08-09T09:51:39.996+02:00  INFO 45377 --- [    Test worker] com.zaxxer.hikari.HikariDataSource       : HikariPool-1 - Start completed.
2023-08-09T09:51:40.031+02:00  INFO 45377 --- [    Test worker] o.hibernate.jpa.internal.util.LogHelper  : HHH000204: Processing PersistenceUnitInfo [name: default]
2023-08-09T09:51:40.073+02:00  INFO 45377 --- [    Test worker] org.hibernate.Version                    : HHH000412: Hibernate ORM core version 6.2.5.Final
2023-08-09T09:51:40.075+02:00  INFO 45377 --- [    Test worker] org.hibernate.cfg.Environment            : HHH000406: Using bytecode reflection optimizer
2023-08-09T09:51:40.203+02:00  INFO 45377 --- [    Test worker] o.h.b.i.BytecodeProviderInitiator        : HHH000021: Bytecode provider name : bytebuddy
2023-08-09T09:51:40.338+02:00  INFO 45377 --- [    Test worker] o.s.o.j.p.SpringPersistenceUnitInfo      : No LoadTimeWeaver setup: ignoring JPA class transformer
2023-08-09T09:51:40.542+02:00  INFO 45377 --- [    Test worker] o.h.b.i.BytecodeProviderInitiator        : HHH000021: Bytecode provider name : bytebuddy
2023-08-09T09:51:40.988+02:00  INFO 45377 --- [    Test worker] o.h.e.t.j.p.i.JtaPlatformInitiator       : HHH000490: Using JtaPlatform implementation: [org.hibernate.engine.transaction.jta.platform.internal.NoJtaPlatform]
2023-08-09T09:51:40.991+02:00  INFO 45377 --- [    Test worker] j.LocalContainerEntityManagerFactoryBean : Initialized JPA EntityManagerFactory for persistence unit 'default'
2023-08-09T09:51:41.084+02:00  WARN 45377 --- [    Test worker] JpaBaseConfiguration$JpaWebConfiguration : spring.jpa.open-in-view is enabled by default. Therefore, database queries may be performed during view rendering. Explicitly configure spring.jpa.open-in-view to disable this warning
2023-08-09T09:51:42.295+02:00  INFO 45377 --- [    Test worker] o.s.b.t.m.w.SpringBootMockServletContext : Initializing Spring TestDispatcherServlet ''
2023-08-09T09:51:42.295+02:00  INFO 45377 --- [    Test worker] o.s.t.web.servlet.TestDispatcherServlet  : Initializing Servlet ''
2023-08-09T09:51:42.301+02:00  INFO 45377 --- [    Test worker] o.s.t.web.servlet.TestDispatcherServlet  : Completed initialization in 3 ms
2023-08-09T09:51:42.353+02:00  WARN 45377 --- [    Test worker] iguration$LoadBalancerCaffeineWarnLogger : Spring Cloud LoadBalancer is currently working with the default cache. While this cache implementation is useful for development and tests, it's recommended to use Caffeine cache in production.You can switch to using Caffeine cache, by adding it and org.springframework.cache.caffeine.CaffeineCacheManager to the classpath.
2023-08-09T09:51:42.388+02:00  INFO 45377 --- [    Test worker] c.f.e.Ejercicio1ApplicationTests         : Started Ejercicio1ApplicationTests in 4.459 seconds (process running for 5.519)
2023-08-09T09:51:42.644+02:00  INFO 45377 --- [    Test worker] c.f.e.controllers.PaymentController      : Payload received: com.formacion.ejercicio1.model.Payment@2d170dac
ES9121000418450200051332
ES5300490418450200051332
2023-08-09T09:51:42.644+02:00  INFO 45377 --- [    Test worker] c.f.ejercicio1.service.PaymentService    : Payload received in Service: com.formacion.ejercicio1.model.Payment@2d170dac
2023-08-09T09:51:42.893+02:00  INFO 45377 --- [    Test worker] c.f.ejercicio1.service.PaymentService    : Payload sent through Service: com.formacion.ejercicio1.model.Payment@2d170dac
2023-08-09T09:51:42.945+02:00  WARN 45377 --- [    Test worker] o.s.c.c.w.WireMockTestExecutionListener  : You've used fixed ports for WireMock setup - will mark context as dirty. Please use random ports, as much as possible. Your tests will be faster and more reliable and this warning will go away
2023-08-09T09:51:42.959+02:00  INFO 45377 --- [    Test worker] j.LocalContainerEntityManagerFactoryBean : Closing JPA EntityManagerFactory for persistence unit 'default'
2023-08-09T09:51:42.961+02:00  INFO 45377 --- [    Test worker] com.zaxxer.hikari.HikariDataSource       : HikariPool-1 - Shutdown initiated...
2023-08-09T09:51:42.971+02:00  INFO 45377 --- [    Test worker] com.zaxxer.hikari.HikariDataSource       : HikariPool-1 - Shutdown completed.
]]></system-out>
  <system-err><![CDATA[]]></system-err>
</testsuite>
